commit 6637af58b411586c8fa261e17bee3343434dbc0a
Author: Efrain Gonzalez <efrain@webdox.cl>
Date:   Mon Dec 29 16:25:47 2014 -0300

    Mi portafolio

commit f975311417692cc5e7a5557a1a4e2b37884489d9
Author: Efrain Gonzalez <efrain@webdox.cl>
Date:   Mon Dec 29 16:24:28 2014 -0300

    Mi descripción

commit f3f1db5e4f3d28ec9aaeab72f0bb64f0be9240a1
Author: Efrain Gonzalez <efrain@webdox.cl>
Date:   Mon Dec 29 16:20:47 2014 -0300

    Redes Sociales

commit f83714434bb76a3cb8385ab89ae9c58d3a4eefb8
Author: Efrain Gonzalez <efrain@webdox.cl>
Date:   Mon Dec 29 16:11:20 2014 -0300

    Subi mi perfil

commit a7f5ce53cc514615f91b52b30dfbc4f94f2bd3fe
Author: Efrain Gonzalez <efrain@webdox.cl>
Date:   Fri Dec 26 16:37:56 2014 -0300

    Cambio de Nombre y foto desde twitter

commit 2980d68faf52eac817471b3b6fcf0a0e19ea60f5
Author: Efrain Gonzalez <efrain@webdox.cl>
Date:   Fri Dec 26 16:27:00 2014 -0300

    Estos son los archivos base del portafolio
