commit d91f8745c1aced0cb5ea1f88237ad385993c0865
Author: Daniel Roldan Amaya <roldaniel89@gmail.com>
Date:   Wed Jan 13 21:37:04 2016 -0500

    Yo no se que es esto

commit e7328324090d24d5514b3db9cfaf1a7c8fcdd349
Author: Daniel Roldan Amaya <roldaniel89@gmail.com>
Date:   Wed Jan 13 21:28:53 2016 -0500

    Adiciono nuevamente el protafolio

commit 481c162c5c07b7bfbb643fbe4dfd577782ba599f
Author: Daniel Roldan Amaya <roldaniel89@gmail.com>
Date:   Wed Jan 13 20:51:03 2016 -0500

    Puse descripcion

commit fdcd77c7e6045ba49fe29b77e47d2ee229f1321f
Author: Daniel Roldan Amaya <roldaniel89@gmail.com>
Date:   Wed Jan 13 20:49:31 2016 -0500

    Redes sociales

commit 33cf5493253ac10d93b6233c557981224d1d1ac2
Author: Daniel Roldan Amaya <roldaniel89@gmail.com>
Date:   Wed Jan 13 20:31:20 2016 -0500

    Perfil web escrito

commit 8f0ae3074be16107b3574e44604a56ac77818602
Author: Daniel Roldan Amaya <roldaniel89@gmail.com>
Date:   Wed Jan 13 20:28:08 2016 -0500

    Subi foto de perfil y mi nombre

commit ddaa2d59f3fa649db4b05e9c5eb5eb81a04a75e9
Author: Daniel Roldan Amaya <roldaniel89@gmail.com>
Date:   Wed Jan 13 20:20:36 2016 -0500

    Estos son los archivos base de mi portafolio
